{20220401-110411-036}{INFO} {56296}{1} {} {000001 XSHG.MRI IUV.Component.Quote.IuvQuoteTrendChart GetTradeSectionsByCache is null}
{20220401-110418-131}{INFO} {56296}{1} {} {430047 NEEQ.LXJJ IUV.Component.Quote.IuvQuoteTrendChart GetTradeSectionsByCache is null}
{20220401-163826-006}{INFO} {56296}{1} {} {430047 NEEQ.LXJJ IUV.Component.Quote.IuvQuoteTrendChart GetTradeSectionsByCache is null}
{20220401-163831-995}{INFO} {56296}{1} {} {835305 NEEQ.LXJJ IUV.Component.Quote.IuvQuoteTrendChart GetTradeSectionsByCache is null}
{20220401-163832-486}{INFO} {56296}{1} {} {831726 NEEQ.LXJJ IUV.Component.Quote.IuvQuoteTrendChart GetTradeSectionsByCache is null}
{20220401-163832-801}{INFO} {56296}{1} {} {430047 NEEQ.LXJJ IUV.Component.Quote.IuvQuoteTrendChart GetTradeSectionsByCache is null}
{20220401-163833-660}{INFO} {56296}{1} {} {835305 NEEQ.LXJJ IUV.Component.Quote.IuvQuoteTrendChart GetTradeSectionsByCache is null}
{20220401-163833-920}{INFO} {56296}{1} {} {831726 NEEQ.LXJJ IUV.Component.Quote.IuvQuoteTrendChart GetTradeSectionsByCache is null}
{20220401-163834-151}{INFO} {56296}{1} {} {430047 NEEQ.LXJJ IUV.Component.Quote.IuvQuoteTrendChart GetTradeSectionsByCache is null}
{20220401-163835-840}{INFO} {56296}{1} {} {835305 NEEQ.LXJJ IUV.Component.Quote.IuvQuoteTrendChart GetTradeSectionsByCache is null}
{20220401-163836-161}{INFO} {56296}{1} {} {831726 NEEQ.LXJJ IUV.Component.Quote.IuvQuoteTrendChart GetTradeSectionsByCache is null}
{20220401-163836-380}{INFO} {56296}{1} {} {430047 NEEQ.LXJJ IUV.Component.Quote.IuvQuoteTrendChart GetTradeSectionsByCache is null}
{20220401-163836-873}{INFO} {56296}{1} {} {833454 NEEQ.LXJJ IUV.Component.Quote.IuvQuoteTrendChart GetTradeSectionsByCache is null}
{20220401-163837-110}{INFO} {56296}{1} {} {835305 NEEQ.LXJJ IUV.Component.Quote.IuvQuoteTrendChart GetTradeSectionsByCache is null}
{20220401-163838-733}{INFO} {56296}{1} {} {831726 NEEQ.LXJJ IUV.Component.Quote.IuvQuoteTrendChart GetTradeSectionsByCache is null}
{20220401-163838-951}{INFO} {56296}{1} {} {430047 NEEQ.LXJJ IUV.Component.Quote.IuvQuoteTrendChart GetTradeSectionsByCache is null}
{20220401-163840-050}{INFO} {56296}{1} {} {833454 NEEQ.LXJJ IUV.Component.Quote.IuvQuoteTrendChart GetTradeSectionsByCache is null}
{20220401-163840-316}{INFO} {56296}{1} {} {835305 NEEQ.LXJJ IUV.Component.Quote.IuvQuoteTrendChart GetTradeSectionsByCache is null}
{20220401-163841-016}{INFO} {56296}{1} {} {430047 NEEQ.LXJJ IUV.Component.Quote.IuvQuoteTrendChart GetTradeSectionsByCache is null}
{20220401-163842-502}{INFO} {56296}{1} {} {835305 NEEQ.LXJJ IUV.Component.Quote.IuvQuoteTrendChart GetTradeSectionsByCache is null}
{20220401-163901-020}{INFO} {56296}{1} {} {831305 NEEQ.LXJJ IUV.Component.Quote.IuvQuoteTrendChart GetTradeSectionsByCache is null}
{20220401-163910-395}{INFO} {56296}{1} {} {832566 NEEQ.LXJJ IUV.Component.Quote.IuvQuoteTrendChart GetTradeSectionsByCache is null}
{20220401-163911-753}{INFO} {56296}{1} {} {833346 NEEQ.LXJJ IUV.Component.Quote.IuvQuoteTrendChart GetTradeSectionsByCache is null}
{20220401-163912-130}{INFO} {56296}{1} {} {831305 NEEQ.LXJJ IUV.Component.Quote.IuvQuoteTrendChart GetTradeSectionsByCache is null}
{20220401-163916-066}{INFO} {56296}{1} {} {831305 NEEQ.LXJJ IUV.Component.Quote.IuvQuoteTrendChart GetTradeSectionsByCache is null}
{20220401-164046-929}{INFO} {56296}{1} {} {839680 NEEQ.LXJJ IUV.Component.Quote.IuvQuoteTrendChart GetTradeSectionsByCache is null}
{20220401-191424-052}{INFO} {56296}{1} {} {000001 XSHG.MRI IUV.Component.Quote.IuvQuoteTrendChart GetTradeSectionsByCache is null}
{20220401-191501-890}{INFO} {56296}{1} {} {399001 XSHE.MRI IUV.Component.Quote.IuvQuoteTrendChart GetTradeSectionsByCache is null}
{20220401-191501-890}{INFO} {56296}{1} {} {000001 XSHG.MRI IUV.Component.Quote.IuvQuoteTrendChart GetTradeSectionsByCache is null}
{20220401-191501-891}{INFO} {56296}{1} {} {000001 XSHG.MRI IUV.Component.Quote.IuvQuoteTrendChart GetTradeSectionsByCache is null}
{20220401-191515-055}{INFO} {56296}{1} {} {00981 XHKG-M.ES IUV.Component.Quote.IuvQuoteTrendChart GetTradeSectionsByCache is null}
{20220401-191519-641}{INFO} {56296}{1} {} {900917 XSHG.ESB IUV.Component.Quote.IuvQuoteTrendChart GetTradeSectionsByCache is null}
